2019-06-03 10:27:24 INFO  Car - Speed:   0.0; Angle:   EAST; Position:   1,1; Parcels:      0; Health: 100.0; Health Usage: 100.0; Fuel: 250.0; Tile: START
2019-06-03 10:27:24 INFO  Car - Speed:   1.0; Angle:   EAST; Position:   2,1; Parcels:      0; Health: 100.0; Health Usage: 100.0; Fuel: 249.0; Tile: ROAD
2019-06-03 10:27:25 INFO  Car - Speed:   1.0; Angle:   EAST; Position:   3,1; Parcels:      0; Health: 100.0; Health Usage: 100.0; Fuel: 248.0; Tile: ROAD
2019-06-03 10:27:25 INFO  Car - Speed:   1.0; Angle:   EAST; Position:   4,1; Parcels:      0; Health: 100.0; Health Usage: 100.0; Fuel: 247.0; Tile: ROAD
2019-06-03 10:27:25 INFO  Car - Speed:   1.0; Angle:   EAST; Position:   5,1; Parcels:      0; Health: 100.0; Health Usage: 100.0; Fuel: 246.0; Tile: ROAD
2019-06-03 10:27:25 INFO  Car - Speed:   1.0; Angle:   EAST; Position:   6,1; Parcels:      0; Health: 100.0; Health Usage: 100.0; Fuel: 245.0; Tile: ROAD
2019-06-03 10:27:26 INFO  Car - Speed:   1.0; Angle:   EAST; Position:   7,1; Parcels:      0; Health: 100.0; Health Usage: 100.0; Fuel: 244.0; Tile: ROAD
2019-06-03 10:27:26 INFO  Car - Speed:   1.0; Angle:   EAST; Position:   8,1; Parcels:      0; Health: 100.0; Health Usage: 100.0; Fuel: 243.0; Tile: ROAD
2019-06-03 10:27:26 INFO  Car - Speed:   1.0; Angle:   EAST; Position:   9,1; Parcels:      0; Health: 100.0; Health Usage: 100.0; Fuel: 242.0; Tile: ROAD
2019-06-03 10:27:26 INFO  Car - Speed:   1.0; Angle:  NORTH; Position:   9,2; Parcels:      0; Health: 100.0; Health Usage: 100.0; Fuel: 241.0; Tile: ROAD
2019-06-03 10:27:27 INFO  Car - Speed:   1.0; Angle:   EAST; Position:  10,2; Parcels:      0; Health: 100.0; Health Usage: 100.0; Fuel: 240.0; Tile: ROAD
2019-06-03 10:27:27 INFO  Car - Speed:   1.0; Angle:   EAST; Position:  11,2; Parcels:      0; Health: 100.0; Health Usage: 100.0; Fuel: 239.0; Tile: ROAD
2019-06-03 10:27:27 INFO  Car - Speed:   1.0; Angle:   EAST; Position:  12,2; Parcels:      0; Health: 100.0; Health Usage: 100.0; Fuel: 238.0; Tile: ROAD
2019-06-03 10:27:27 INFO  Car - Speed:   1.0; Angle:   EAST; Position:  13,2; Parcels:      0; Health: 100.0; Health Usage: 100.0; Fuel: 237.0; Tile: ROAD
2019-06-03 10:27:28 INFO  Car - Speed:   1.0; Angle:   EAST; Position:  14,2; Parcels:      0; Health: 100.0; Health Usage: 100.0; Fuel: 236.0; Tile: ROAD
2019-06-03 10:27:28 INFO  Car - Speed:   1.0; Angle:   EAST; Position:  15,2; Parcels:      0; Health: 100.0; Health Usage: 100.0; Fuel: 235.0; Tile: ROAD
2019-06-03 10:27:28 INFO  Car - Speed:   1.0; Angle:   EAST; Position:  16,2; Parcels:      0; Health: 100.0; Health Usage: 100.0; Fuel: 234.0; Tile: ROAD
2019-06-03 10:27:28 INFO  Car - Speed:   1.0; Angle:   EAST; Position:  17,2; Parcels:      0; Health: 100.0; Health Usage: 100.0; Fuel: 233.0; Tile: ROAD
2019-06-03 10:27:29 INFO  Car - Speed:   1.0; Angle:   EAST; Position:  18,2; Parcels:      0; Health: 100.0; Health Usage: 100.0; Fuel: 232.0; Tile: ROAD
2019-06-03 10:27:29 INFO  Car - Speed:   1.0; Angle:   EAST; Position:  19,2; Parcels:      0; Health: 100.0; Health Usage: 100.0; Fuel: 231.0; Tile: ROAD
2019-06-03 10:27:29 INFO  Car - Speed:   1.0; Angle:   EAST; Position:  20,2; Parcels:      0; Health: 100.0; Health Usage: 100.0; Fuel: 230.0; Tile: ROAD
2019-06-03 10:27:29 INFO  Car - Speed:   1.0; Angle:   EAST; Position:  21,2; Parcels:      0; Health: 100.0; Health Usage: 100.0; Fuel: 229.0; Tile: ROAD
2019-06-03 10:27:30 INFO  Car - Speed:   1.0; Angle:   EAST; Position:  22,2; Parcels:      0; Health: 100.0; Health Usage: 100.0; Fuel: 228.0; Tile: ROAD
2019-06-03 10:27:30 INFO  Car - Speed:   1.0; Angle:   EAST; Position:  23,2; Parcels:      0; Health: 100.0; Health Usage: 100.0; Fuel: 227.0; Tile: ROAD
2019-06-03 10:27:30 INFO  Car - Speed:   1.0; Angle:   EAST; Position:  24,2; Parcels:      0; Health: 100.0; Health Usage: 100.0; Fuel: 226.0; Tile: ROAD
2019-06-03 10:27:30 INFO  Car - Speed:   1.0; Angle:   EAST; Position:  25,2; Parcels:      0; Health: 100.0; Health Usage: 100.0; Fuel: 225.0; Tile: ROAD
2019-06-03 10:27:31 INFO  Car - Speed:   1.0; Angle:   EAST; Position:  26,2; Parcels:      0; Health: 100.0; Health Usage: 100.0; Fuel: 224.0; Tile: ROAD
2019-06-03 10:27:31 INFO  Car - Speed:   1.0; Angle:   EAST; Position:  27,2; Parcels:      0; Health: 100.0; Health Usage: 100.0; Fuel: 223.0; Tile: ROAD
2019-06-03 10:27:31 INFO  Car - Speed:   1.0; Angle:   EAST; Position:  28,2; Parcels:      0; Health: 100.0; Health Usage: 100.0; Fuel: 222.0; Tile: ROAD
2019-06-03 10:27:31 INFO  Car - Speed:   1.0; Angle:   EAST; Position:  29,2; Parcels:      0; Health: 105.0; Health Usage: 105.0; Fuel: 221.0; Tile: ROAD
2019-06-03 10:27:32 INFO  Car - Speed:   1.0; Angle:   EAST; Position:  30,2; Parcels:      0; Health: 110.0; Health Usage: 110.0; Fuel: 220.0; Tile: ROAD
2019-06-03 10:27:32 INFO  Car - Speed:   0.0; Angle:  NORTH; Position:  30,2; Parcels:      0; Health: 110.0; Health Usage: 110.0; Fuel: 220.0; Tile: ROAD
2019-06-03 10:27:32 INFO  Car - Speed:   1.0; Angle:  NORTH; Position:  30,3; Parcels:      0; Health: 115.0; Health Usage: 115.0; Fuel: 219.0; Tile: ROAD
2019-06-03 10:27:32 INFO  Car - Speed:   1.0; Angle:  NORTH; Position:  30,4; Parcels:      0; Health: 120.0; Health Usage: 120.0; Fuel: 218.0; Tile: ROAD
2019-06-03 10:27:33 INFO  Car - Speed:   1.0; Angle:  NORTH; Position:  30,5; Parcels:      0; Health: 125.0; Health Usage: 125.0; Fuel: 217.0; Tile: ROAD
2019-06-03 10:27:33 INFO  Car - Speed:   1.0; Angle:  NORTH; Position:  30,6; Parcels:      0; Health: 130.0; Health Usage: 130.0; Fuel: 216.0; Tile: ROAD
2019-06-03 10:27:33 INFO  Car - Speed:   0.0; Angle:   WEST; Position:  30,6; Parcels:      0; Health: 130.0; Health Usage: 130.0; Fuel: 216.0; Tile: ROAD
2019-06-03 10:27:33 INFO  Car - Speed:   1.0; Angle:   WEST; Position:  29,6; Parcels:      0; Health: 135.0; Health Usage: 135.0; Fuel: 215.0; Tile: ROAD
2019-06-03 10:27:34 INFO  Car - Speed:   0.0; Angle:  NORTH; Position:  29,6; Parcels:      0; Health: 135.0; Health Usage: 135.0; Fuel: 215.0; Tile: ROAD
2019-06-03 10:27:34 INFO  Car - Speed:   1.0; Angle:  NORTH; Position:  29,7; Parcels:      0; Health: 140.0; Health Usage: 140.0; Fuel: 214.0; Tile: ROAD
2019-06-03 10:27:34 INFO  Car - Speed:   0.0; Angle:  NORTH; Position:  29,7; Parcels:      0; Health: 140.0; Health Usage: 140.0; Fuel: 214.0; Tile: ROAD
2019-06-03 10:27:34 INFO  Car - Speed:   1.0; Angle:  NORTH; Position:  29,6; Parcels:      0; Health: 140.0; Health Usage: 140.0; Fuel: 213.0; Tile: ROAD
2019-06-03 10:27:35 INFO  Car - Speed:   1.0; Angle:  NORTH; Position:  29,5; Parcels:      0; Health: 145.0; Health Usage: 145.0; Fuel: 212.0; Tile: ROAD
2019-06-03 10:27:35 INFO  Car - Speed:   0.0; Angle:   WEST; Position:  29,5; Parcels:      0; Health: 145.0; Health Usage: 145.0; Fuel: 212.0; Tile: ROAD
2019-06-03 10:27:35 INFO  Car - Speed:   1.0; Angle:   WEST; Position:  30,5; Parcels:      0; Health: 145.0; Health Usage: 145.0; Fuel: 211.0; Tile: ROAD
2019-06-03 10:27:35 INFO  Car - Speed:   0.0; Angle:  NORTH; Position:  30,5; Parcels:      0; Health: 145.0; Health Usage: 145.0; Fuel: 211.0; Tile: ROAD
2019-06-03 10:27:36 INFO  Car - Speed:   1.0; Angle:  NORTH; Position:  30,4; Parcels:      0; Health: 145.0; Health Usage: 145.0; Fuel: 210.0; Tile: ROAD
2019-06-03 10:27:36 INFO  Car - Speed:   1.0; Angle:  NORTH; Position:  30,3; Parcels:      0; Health: 145.0; Health Usage: 145.0; Fuel: 209.0; Tile: ROAD
2019-06-03 10:27:36 INFO  Car - Speed:   1.0; Angle:  NORTH; Position:  30,2; Parcels:      0; Health: 145.0; Health Usage: 145.0; Fuel: 208.0; Tile: ROAD
2019-06-03 10:27:36 INFO  Car - Speed:   1.0; Angle:  NORTH; Position:  30,1; Parcels:      0; Health: 150.0; Health Usage: 150.0; Fuel: 207.0; Tile: ROAD
2019-06-03 10:27:37 INFO  Car - Speed:   0.0; Angle:   EAST; Position:  30,1; Parcels:      0; Health: 150.0; Health Usage: 150.0; Fuel: 207.0; Tile: ROAD
2019-06-03 10:27:37 INFO  Car - Speed:   1.0; Angle:   EAST; Position:  29,1; Parcels:      0; Health: 155.0; Health Usage: 155.0; Fuel: 206.0; Tile: ROAD
2019-06-03 10:27:37 INFO  Car - Speed:   0.0; Angle:  SOUTH; Position:  29,1; Parcels:      0; Health: 155.0; Health Usage: 155.0; Fuel: 206.0; Tile: ROAD
2019-06-03 10:27:37 INFO  Car - Speed:   1.0; Angle:  SOUTH; Position:  29,2; Parcels:      0; Health: 155.0; Health Usage: 155.0; Fuel: 205.0; Tile: ROAD
2019-06-03 10:27:38 INFO  Car - Speed:   1.0; Angle:  SOUTH; Position:  29,3; Parcels:      0; Health: 160.0; Health Usage: 160.0; Fuel: 204.0; Tile: ROAD
2019-06-03 10:27:38 INFO  Car - Speed:   1.0; Angle:  SOUTH; Position:  29,4; Parcels:      0; Health: 165.0; Health Usage: 165.0; Fuel: 203.0; Tile: ROAD
2019-06-03 10:27:38 INFO  Car - Speed:   0.0; Angle:   EAST; Position:  29,4; Parcels:      0; Health: 165.0; Health Usage: 165.0; Fuel: 203.0; Tile: ROAD
2019-06-03 10:27:38 INFO  Car - Speed:   1.0; Angle:   EAST; Position:  28,4; Parcels:      0; Health: 165.0; Health Usage: 165.0; Fuel: 202.0; Tile: ROAD
2019-06-03 10:27:39 INFO  Car - Speed:   0.0; Angle:  SOUTH; Position:  28,4; Parcels:      0; Health: 165.0; Health Usage: 165.0; Fuel: 202.0; Tile: ROAD
2019-06-03 10:27:39 INFO  Car - Speed:   1.0; Angle:  SOUTH; Position:  28,5; Parcels:      0; Health: 170.0; Health Usage: 170.0; Fuel: 201.0; Tile: ROAD
2019-06-03 10:27:39 INFO  Car - Speed:   1.0; Angle:  SOUTH; Position:  28,6; Parcels:      0; Health: 175.0; Health Usage: 175.0; Fuel: 200.0; Tile: ROAD
2019-06-03 10:27:39 INFO  Car - Speed:   1.0; Angle:  SOUTH; Position:  28,7; Parcels:      0; Health: 180.0; Health Usage: 180.0; Fuel: 199.0; Tile: ROAD
2019-06-03 10:27:40 INFO  Car - Speed:   1.0; Angle:  SOUTH; Position:  28,8; Parcels:      0; Health: 185.0; Health Usage: 185.0; Fuel: 198.0; Tile: ROAD
2019-06-03 10:27:40 INFO  Car - Speed:   1.0; Angle:  SOUTH; Position:  28,9; Parcels:      0; Health: 190.0; Health Usage: 190.0; Fuel: 197.0; Tile: ROAD
2019-06-03 10:27:40 INFO  Car - Speed:   1.0; Angle:  SOUTH; Position: 28,10; Parcels:      0; Health: 195.0; Health Usage: 195.0; Fuel: 196.0; Tile: ROAD
2019-06-03 10:27:40 INFO  Car - Speed:   1.0; Angle:  SOUTH; Position: 28,11; Parcels:      0; Health: 200.0; Health Usage: 200.0; Fuel: 195.0; Tile: ROAD
2019-06-03 10:27:41 INFO  Car - Speed:   1.0; Angle:  SOUTH; Position: 28,12; Parcels:      0; Health: 205.0; Health Usage: 205.0; Fuel: 194.0; Tile: ROAD
2019-06-03 10:27:41 INFO  Car - Speed:   0.0; Angle:   EAST; Position: 28,12; Parcels:      0; Health: 205.0; Health Usage: 205.0; Fuel: 194.0; Tile: ROAD
2019-06-03 10:27:41 INFO  Car - Speed:   1.0; Angle:   EAST; Position: 27,12; Parcels:      0; Health: 210.0; Health Usage: 210.0; Fuel: 193.0; Tile: ROAD
2019-06-03 10:27:41 INFO  Car - Speed:   1.0; Angle:   EAST; Position: 26,12; Parcels:      0; Health: 210.0; Health Usage: 210.0; Fuel: 192.0; Tile: ROAD
2019-06-03 10:27:42 INFO  Car - Speed:   1.0; Angle:  SOUTH; Position: 26,13; Parcels:      0; Health: 210.0; Health Usage: 210.0; Fuel: 191.0; Tile: ROAD
2019-06-03 10:27:42 INFO  Car - Speed:   1.0; Angle:  SOUTH; Position: 26,14; Parcels:      0; Health: 210.0; Health Usage: 210.0; Fuel: 190.0; Tile: ROAD
2019-06-03 10:27:42 INFO  Car - Speed:   1.0; Angle:  SOUTH; Position: 26,15; Parcels:      0; Health: 210.0; Health Usage: 210.0; Fuel: 189.0; Tile: ROAD
2019-06-03 10:27:42 INFO  Car - Speed:   1.0; Angle:  SOUTH; Position: 26,16; Parcels:      1; Health: 210.0; Health Usage: 210.0; Fuel: 188.0; Tile: ROAD
2019-06-03 10:27:43 INFO  Car - Speed:   0.0; Angle:   WEST; Position: 26,16; Parcels:      1; Health: 210.0; Health Usage: 210.0; Fuel: 188.0; Tile: ROAD
2019-06-03 10:27:43 INFO  Car - Speed:   1.0; Angle:   WEST; Position: 27,16; Parcels:      1; Health: 215.0; Health Usage: 215.0; Fuel: 187.0; Tile: ROAD
2019-06-03 10:27:43 INFO  Car - Speed:   1.0; Angle:   WEST; Position: 28,16; Parcels:      1; Health: 220.0; Health Usage: 220.0; Fuel: 186.0; Tile: ROAD
2019-06-03 10:27:43 INFO  Car - Speed:   0.0; Angle:  NORTH; Position: 28,16; Parcels:      1; Health: 220.0; Health Usage: 220.0; Fuel: 186.0; Tile: ROAD
2019-06-03 10:27:44 INFO  Car - Speed:   1.0; Angle:  NORTH; Position: 28,15; Parcels:      1; Health: 225.0; Health Usage: 225.0; Fuel: 185.0; Tile: ROAD
2019-06-03 10:27:44 INFO  Car - Speed:   1.0; Angle:  NORTH; Position: 28,14; Parcels:      1; Health: 230.0; Health Usage: 230.0; Fuel: 184.0; Tile: ROAD
2019-06-03 10:27:44 INFO  Car - Speed:   1.0; Angle:  NORTH; Position: 28,13; Parcels:      1; Health: 235.0; Health Usage: 235.0; Fuel: 183.0; Tile: ROAD
2019-06-03 10:27:44 INFO  Car - Speed:   0.0; Angle:   EAST; Position: 28,13; Parcels:      1; Health: 235.0; Health Usage: 235.0; Fuel: 183.0; Tile: ROAD
2019-06-03 10:27:45 INFO  Car - Speed:   1.0; Angle:   EAST; Position: 27,13; Parcels:      1; Health: 240.0; Health Usage: 240.0; Fuel: 182.0; Tile: ROAD
2019-06-03 10:27:45 INFO  Car - Speed:   0.0; Angle:  SOUTH; Position: 27,13; Parcels:      1; Health: 240.0; Health Usage: 240.0; Fuel: 182.0; Tile: ROAD
2019-06-03 10:27:45 INFO  Car - Speed:   1.0; Angle:  SOUTH; Position: 27,14; Parcels:      1; Health: 245.0; Health Usage: 245.0; Fuel: 181.0; Tile: ROAD
2019-06-03 10:27:45 INFO  Car - Speed:   1.0; Angle:  SOUTH; Position: 27,15; Parcels:      1; Health: 250.0; Health Usage: 250.0; Fuel: 180.0; Tile: ROAD
2019-06-03 10:27:46 INFO  Car - Speed:   0.0; Angle:  SOUTH; Position: 27,15; Parcels:      1; Health: 250.0; Health Usage: 250.0; Fuel: 180.0; Tile: ROAD
2019-06-03 10:27:46 INFO  Car - Speed:   1.0; Angle:  SOUTH; Position: 27,14; Parcels:      1; Health: 250.0; Health Usage: 250.0; Fuel: 179.0; Tile: ROAD
2019-06-03 10:27:46 INFO  Car - Speed:   1.0; Angle:  SOUTH; Position: 27,13; Parcels:      1; Health: 250.0; Health Usage: 250.0; Fuel: 178.0; Tile: ROAD
2019-06-03 10:27:46 INFO  Car - Speed:   1.0; Angle:  SOUTH; Position: 27,12; Parcels:      1; Health: 250.0; Health Usage: 250.0; Fuel: 177.0; Tile: ROAD
2019-06-03 10:27:47 INFO  Car - Speed:   1.0; Angle:  SOUTH; Position: 27,11; Parcels:      1; Health: 255.0; Health Usage: 255.0; Fuel: 176.0; Tile: ROAD
2019-06-03 10:27:47 INFO  Car - Speed:   1.0; Angle:  SOUTH; Position: 27,10; Parcels:      1; Health: 260.0; Health Usage: 260.0; Fuel: 175.0; Tile: ROAD
2019-06-03 10:27:47 INFO  Car - Speed:   1.0; Angle:  SOUTH; Position:  27,9; Parcels:      1; Health: 265.0; Health Usage: 265.0; Fuel: 174.0; Tile: ROAD
2019-06-03 10:27:47 INFO  Car - Speed:   1.0; Angle:  SOUTH; Position:  27,8; Parcels:      1; Health: 270.0; Health Usage: 270.0; Fuel: 173.0; Tile: ROAD
2019-06-03 10:27:48 INFO  Car - Speed:   1.0; Angle:  SOUTH; Position:  27,7; Parcels:      1; Health: 275.0; Health Usage: 275.0; Fuel: 172.0; Tile: ROAD
2019-06-03 10:27:48 INFO  Car - Speed:   1.0; Angle:  SOUTH; Position:  27,6; Parcels:      1; Health: 280.0; Health Usage: 280.0; Fuel: 171.0; Tile: ROAD
2019-06-03 10:27:48 INFO  Car - Speed:   1.0; Angle:  SOUTH; Position:  27,5; Parcels:      1; Health: 285.0; Health Usage: 285.0; Fuel: 170.0; Tile: ROAD
2019-06-03 10:27:48 INFO  Car - Speed:   0.0; Angle:   EAST; Position:  27,5; Parcels:      1; Health: 285.0; Health Usage: 285.0; Fuel: 170.0; Tile: ROAD
2019-06-03 10:27:49 INFO  Car - Speed:   1.0; Angle:   EAST; Position:  28,5; Parcels:      1; Health: 285.0; Health Usage: 285.0; Fuel: 169.0; Tile: ROAD
2019-06-03 10:27:49 INFO  Car - Speed:   1.0; Angle:   EAST; Position:  29,5; Parcels:      1; Health: 285.0; Health Usage: 285.0; Fuel: 168.0; Tile: ROAD
2019-06-03 10:27:49 INFO  Car - Speed:   1.0; Angle:  NORTH; Position:  29,6; Parcels:      1; Health: 285.0; Health Usage: 285.0; Fuel: 167.0; Tile: ROAD
2019-06-03 10:27:49 INFO  Car - Speed:   1.0; Angle:  NORTH; Position:  29,7; Parcels:      1; Health: 285.0; Health Usage: 285.0; Fuel: 166.0; Tile: ROAD
2019-06-03 10:27:50 INFO  Car - Speed:   1.0; Angle:  NORTH; Position:  29,8; Parcels:      1; Health: 285.0; Health Usage: 285.0; Fuel: 165.0; Tile: ROAD
2019-06-03 10:27:50 INFO  Car - Speed:   1.0; Angle:   EAST; Position:  30,8; Parcels:      1; Health: 285.0; Health Usage: 285.0; Fuel: 164.0; Tile: ROAD
2019-06-03 10:27:50 INFO  Car - Speed:   1.0; Angle:   EAST; Position:  31,8; Parcels:      2; Health: 285.0; Health Usage: 285.0; Fuel: 163.0; Tile: ROAD
2019-06-03 10:27:50 INFO  Car - Speed:   0.0; Angle:   EAST; Position:  31,8; Parcels:      2; Health: 285.0; Health Usage: 285.0; Fuel: 163.0; Tile: ROAD
2019-06-03 10:27:51 INFO  Car - Speed:   1.0; Angle:   EAST; Position:  30,8; Parcels:      2; Health: 285.0; Health Usage: 285.0; Fuel: 162.0; Tile: ROAD
2019-06-03 10:27:51 INFO  Car - Speed:   1.0; Angle:   EAST; Position:  29,8; Parcels:      2; Health: 285.0; Health Usage: 285.0; Fuel: 161.0; Tile: ROAD
2019-06-03 10:27:51 INFO  Car - Speed:   1.0; Angle:   EAST; Position:  28,8; Parcels:      2; Health: 285.0; Health Usage: 285.0; Fuel: 160.0; Tile: ROAD
2019-06-03 10:27:51 INFO  Car - Speed:   1.0; Angle:   EAST; Position:  27,8; Parcels:      2; Health: 285.0; Health Usage: 285.0; Fuel: 159.0; Tile: ROAD
2019-06-03 10:27:52 INFO  Car - Speed:   1.0; Angle:   EAST; Position:  26,8; Parcels:      2; Health: 285.0; Health Usage: 285.0; Fuel: 158.0; Tile: ROAD
2019-06-03 10:27:52 INFO  Car - Speed:   1.0; Angle:   EAST; Position:  25,8; Parcels:      2; Health: 285.0; Health Usage: 285.0; Fuel: 157.0; Tile: ROAD
2019-06-03 10:27:52 INFO  Car - Speed:   1.0; Angle:   EAST; Position:  24,8; Parcels:      2; Health: 285.0; Health Usage: 285.0; Fuel: 156.0; Tile: ROAD
2019-06-03 10:27:52 INFO  Car - Speed:   1.0; Angle:   EAST; Position:  23,8; Parcels:      2; Health: 285.0; Health Usage: 285.0; Fuel: 155.0; Tile: ROAD
2019-06-03 10:27:53 INFO  Car - Speed:   1.0; Angle:   EAST; Position:  22,8; Parcels:      2; Health: 285.0; Health Usage: 285.0; Fuel: 154.0; Tile: ROAD
2019-06-03 10:27:53 INFO  Car - Speed:   1.0; Angle:  NORTH; Position:  22,7; Parcels:      2; Health: 285.0; Health Usage: 285.0; Fuel: 153.0; Tile: ROAD
2019-06-03 10:27:53 INFO  Car - Speed:   0.0; Angle:   EAST; Position:  22,7; Parcels:      2; Health: 285.0; Health Usage: 285.0; Fuel: 153.0; Tile: ROAD
2019-06-03 10:27:53 INFO  Car - Speed:   1.0; Angle:   EAST; Position:  21,7; Parcels:      2; Health: 285.0; Health Usage: 285.0; Fuel: 152.0; Tile: ROAD
2019-06-03 10:27:54 INFO  Car - Speed:   1.0; Angle:  SOUTH; Position:  21,8; Parcels:      2; Health: 285.0; Health Usage: 285.0; Fuel: 151.0; Tile: ROAD
2019-06-03 10:27:54 INFO  Car - Speed:   1.0; Angle:  SOUTH; Position:  21,9; Parcels:      2; Health: 285.0; Health Usage: 285.0; Fuel: 150.0; Tile: ROAD
2019-06-03 10:27:54 INFO  Car - Speed:   1.0; Angle:  SOUTH; Position: 21,10; Parcels:      2; Health: 285.0; Health Usage: 285.0; Fuel: 149.0; Tile: ROAD
2019-06-03 10:27:54 INFO  Car - Speed:   1.0; Angle:  SOUTH; Position: 21,11; Parcels:      2; Health: 285.0; Health Usage: 285.0; Fuel: 148.0; Tile: ROAD
2019-06-03 10:27:55 INFO  Car - Speed:   1.0; Angle:  SOUTH; Position: 21,12; Parcels:      2; Health: 285.0; Health Usage: 285.0; Fuel: 147.0; Tile: ROAD
2019-06-03 10:27:55 INFO  Car - Speed:   1.0; Angle:  SOUTH; Position: 21,13; Parcels:      2; Health: 285.0; Health Usage: 285.0; Fuel: 146.0; Tile: ROAD
2019-06-03 10:27:55 INFO  Car - Speed:   0.0; Angle:   EAST; Position: 21,13; Parcels:      2; Health: 285.0; Health Usage: 285.0; Fuel: 146.0; Tile: ROAD
2019-06-03 10:27:55 INFO  Car - Speed:   1.0; Angle:   EAST; Position: 20,13; Parcels:      2; Health: 285.0; Health Usage: 285.0; Fuel: 145.0; Tile: ROAD
2019-06-03 10:27:56 INFO  Car - Speed:   1.0; Angle:   EAST; Position: 19,13; Parcels:      2; Health: 285.0; Health Usage: 285.0; Fuel: 144.0; Tile: ROAD
2019-06-03 10:27:56 INFO  Car - Speed:   1.0; Angle:   EAST; Position: 18,13; Parcels:      2; Health: 285.0; Health Usage: 285.0; Fuel: 143.0; Tile: ROAD
2019-06-03 10:27:56 INFO  Car - Speed:   1.0; Angle:   EAST; Position: 17,13; Parcels:      2; Health: 285.0; Health Usage: 285.0; Fuel: 142.0; Tile: ROAD
2019-06-03 10:27:56 INFO  Car - Speed:   1.0; Angle:   EAST; Position: 16,13; Parcels:      2; Health: 285.0; Health Usage: 285.0; Fuel: 141.0; Tile: ROAD
2019-06-03 10:27:57 INFO  Car - Speed:   1.0; Angle:   EAST; Position: 15,13; Parcels:      2; Health: 285.0; Health Usage: 285.0; Fuel: 140.0; Tile: ROAD
2019-06-03 10:27:57 INFO  Car - Speed:   1.0; Angle:   EAST; Position: 14,13; Parcels:      2; Health: 285.0; Health Usage: 285.0; Fuel: 139.0; Tile: ROAD
2019-06-03 10:27:57 INFO  Car - Speed:   1.0; Angle:   EAST; Position: 13,13; Parcels:      2; Health: 285.0; Health Usage: 285.0; Fuel: 138.0; Tile: ROAD
2019-06-03 10:27:57 INFO  Car - Speed:   1.0; Angle:   EAST; Position: 12,13; Parcels:      2; Health: 285.0; Health Usage: 285.0; Fuel: 137.0; Tile: ROAD
2019-06-03 10:27:58 INFO  Car - Speed:   1.0; Angle:   EAST; Position: 11,13; Parcels:      2; Health: 285.0; Health Usage: 285.0; Fuel: 136.0; Tile: ROAD
2019-06-03 10:27:58 INFO  Car - Speed:   1.0; Angle:   EAST; Position: 10,13; Parcels:      2; Health: 285.0; Health Usage: 285.0; Fuel: 135.0; Tile: ROAD
2019-06-03 10:27:58 INFO  Car - Speed:   1.0; Angle:   EAST; Position:  9,13; Parcels:      2; Health: 285.0; Health Usage: 285.0; Fuel: 134.0; Tile: ROAD
2019-06-03 10:27:58 INFO  Car - Speed:   1.0; Angle:   EAST; Position:  8,13; Parcels:      2; Health: 285.0; Health Usage: 285.0; Fuel: 133.0; Tile: ROAD
2019-06-03 10:27:59 INFO  Car - Speed:   1.0; Angle:   EAST; Position:  7,13; Parcels:      2; Health: 285.0; Health Usage: 285.0; Fuel: 132.0; Tile: ROAD
2019-06-03 10:27:59 INFO  Car - Speed:   1.0; Angle:   EAST; Position:  6,13; Parcels:      2; Health: 285.0; Health Usage: 285.0; Fuel: 131.0; Tile: ROAD
2019-06-03 10:27:59 INFO  Car - Speed:   1.0; Angle:   EAST; Position:  5,13; Parcels:      2; Health: 285.0; Health Usage: 285.0; Fuel: 130.0; Tile: ROAD
2019-06-03 10:27:59 INFO  Car - Speed:   1.0; Angle:   EAST; Position:  4,13; Parcels:      2; Health: 285.0; Health Usage: 285.0; Fuel: 129.0; Tile: ROAD
2019-06-03 10:28:00 INFO  Car - Speed:   1.0; Angle:   EAST; Position:  3,13; Parcels:      2; Health: 285.0; Health Usage: 285.0; Fuel: 128.0; Tile: ROAD
2019-06-03 10:28:00 INFO  Car - Speed:   1.0; Angle:   EAST; Position:  2,13; Parcels:      2; Health: 285.0; Health Usage: 285.0; Fuel: 127.0; Tile: ROAD
2019-06-03 10:28:00 INFO  Car - Speed:   1.0; Angle:   EAST; Position:  1,13; Parcels:      2; Health: 285.0; Health Usage: 285.0; Fuel: 126.0; Tile: ROAD
2019-06-03 10:28:00 INFO  Car - Speed:   1.0; Angle:  SOUTH; Position:  1,14; Parcels:      2; Health: 280.0; Health Usage: 285.0; Fuel: 125.0; Tile: TRAP(lava)
2019-06-03 10:28:01 INFO  Car - Speed:   1.0; Angle:  SOUTH; Position:  1,15; Parcels:      2; Health: 275.0; Health Usage: 285.0; Fuel: 124.0; Tile: TRAP(lava)
2019-06-03 10:28:01 INFO  Car - Speed:   1.0; Angle:  SOUTH; Position:  1,16; Parcels:      2; Health: 270.0; Health Usage: 285.0; Fuel: 123.0; Tile: TRAP(lava)
2019-06-03 10:28:01 INFO  Car - Speed:   0.0; Angle:   WEST; Position:  1,16; Parcels:      2; Health: 265.0; Health Usage: 285.0; Fuel: 123.0; Tile: TRAP(lava)
2019-06-03 10:28:01 INFO  Car - Speed:   1.0; Angle:   WEST; Position:  2,16; Parcels:      2; Health: 270.0; Health Usage: 290.0; Fuel: 122.0; Tile: ROAD
2019-06-03 10:28:02 INFO  Car - Speed:   0.0; Angle:  SOUTH; Position:  2,16; Parcels:      2; Health: 270.0; Health Usage: 290.0; Fuel: 122.0; Tile: ROAD
2019-06-03 10:28:02 INFO  Car - Speed:   1.0; Angle:  SOUTH; Position:  2,17; Parcels:      2; Health: 265.0; Health Usage: 290.0; Fuel: 121.0; Tile: TRAP(lava)
2019-06-03 10:28:02 INFO  Car - Speed:   1.0; Angle:  SOUTH; Position:  2,18; Parcels:      2; Health: 260.0; Health Usage: 290.0; Fuel: 120.0; Tile: TRAP(lava)
2019-06-03 10:28:02 INFO  Car - Speed:   1.0; Angle:  SOUTH; Position:  2,19; Parcels:      2; Health: 255.0; Health Usage: 290.0; Fuel: 119.0; Tile: TRAP(lava)
2019-06-03 10:28:03 INFO  Car - Speed:   1.0; Angle:  SOUTH; Position:  2,20; Parcels:      2; Health: 260.0; Health Usage: 295.0; Fuel: 118.0; Tile: ROAD
2019-06-03 10:28:03 INFO  Car - Speed:   0.0; Angle:   WEST; Position:  2,20; Parcels:      2; Health: 260.0; Health Usage: 295.0; Fuel: 118.0; Tile: ROAD
2019-06-03 10:28:03 INFO  Car - Speed:   1.0; Angle:   WEST; Position:  3,20; Parcels:      2; Health: 255.0; Health Usage: 295.0; Fuel: 117.0; Tile: TRAP(lava)
2019-06-03 10:28:03 INFO  Car - Speed:   1.0; Angle:   WEST; Position:  4,20; Parcels:      2; Health: 260.0; Health Usage: 300.0; Fuel: 116.0; Tile: ROAD
2019-06-03 10:28:04 INFO  Car - Speed:   0.0; Angle:  SOUTH; Position:  4,20; Parcels:      2; Health: 260.0; Health Usage: 300.0; Fuel: 116.0; Tile: ROAD
2019-06-03 10:28:04 INFO  Car - Speed:   1.0; Angle:  SOUTH; Position:  4,21; Parcels:      2; Health: 265.0; Health Usage: 305.0; Fuel: 115.0; Tile: ROAD
2019-06-03 10:28:04 INFO  Car - Speed:   1.0; Angle:  SOUTH; Position:  4,22; Parcels:      2; Health: 270.0; Health Usage: 310.0; Fuel: 114.0; Tile: ROAD
2019-06-03 10:28:04 INFO  Car - Speed:   1.0; Angle:  SOUTH; Position:  4,23; Parcels:      2; Health: 275.0; Health Usage: 315.0; Fuel: 113.0; Tile: ROAD
2019-06-03 10:28:05 INFO  Car - Speed:   0.0; Angle:   WEST; Position:  4,23; Parcels:      2; Health: 275.0; Health Usage: 315.0; Fuel: 113.0; Tile: ROAD
2019-06-03 10:28:05 INFO  Car - Speed:   1.0; Angle:   WEST; Position:  5,23; Parcels:      2; Health: 280.0; Health Usage: 320.0; Fuel: 112.0; Tile: ROAD
2019-06-03 10:28:05 INFO  Car - Speed:   1.0; Angle:   WEST; Position:  6,23; Parcels:      2; Health: 285.0; Health Usage: 325.0; Fuel: 111.0; Tile: ROAD
2019-06-03 10:28:05 INFO  Car - Speed:   1.0; Angle:   WEST; Position:  7,23; Parcels:      2; Health: 290.0; Health Usage: 330.0; Fuel: 110.0; Tile: ROAD
2019-06-03 10:28:06 INFO  Car - Speed:   1.0; Angle:   WEST; Position:  8,23; Parcels:      2; Health: 295.0; Health Usage: 335.0; Fuel: 109.0; Tile: ROAD
2019-06-03 10:28:06 INFO  Car - Speed:   1.0; Angle:   WEST; Position:  9,23; Parcels:      2; Health: 300.0; Health Usage: 340.0; Fuel: 108.0; Tile: ROAD
2019-06-03 10:28:06 INFO  Car - Speed:   1.0; Angle:   WEST; Position: 10,23; Parcels:      2; Health: 305.0; Health Usage: 345.0; Fuel: 107.0; Tile: ROAD
2019-06-03 10:28:06 INFO  Car - Speed:   1.0; Angle:   WEST; Position: 11,23; Parcels:      2; Health: 310.0; Health Usage: 350.0; Fuel: 106.0; Tile: ROAD
2019-06-03 10:28:07 INFO  Car - Speed:   1.0; Angle:   WEST; Position: 12,23; Parcels:      2; Health: 315.0; Health Usage: 355.0; Fuel: 105.0; Tile: ROAD
2019-06-03 10:28:07 INFO  Car - Speed:   0.0; Angle:   WEST; Position: 12,23; Parcels:      2; Health: 315.0; Health Usage: 355.0; Fuel: 105.0; Tile: ROAD
2019-06-03 10:28:07 INFO  Car - Speed:   1.0; Angle:   WEST; Position: 11,23; Parcels:      2; Health: 315.0; Health Usage: 355.0; Fuel: 104.0; Tile: ROAD
2019-06-03 10:28:07 INFO  Car - Speed:   1.0; Angle:   WEST; Position: 10,23; Parcels:      2; Health: 315.0; Health Usage: 355.0; Fuel: 103.0; Tile: ROAD
2019-06-03 10:28:08 INFO  Car - Speed:   1.0; Angle:   WEST; Position:  9,23; Parcels:      2; Health: 315.0; Health Usage: 355.0; Fuel: 102.0; Tile: ROAD
2019-06-03 10:28:08 INFO  Car - Speed:   1.0; Angle:  SOUTH; Position:  9,22; Parcels:      3; Health: 315.0; Health Usage: 355.0; Fuel: 101.0; Tile: ROAD
2019-06-03 10:28:08 INFO  Car - Speed:   0.0; Angle:   EAST; Position:  9,22; Parcels:      3; Health: 315.0; Health Usage: 355.0; Fuel: 101.0; Tile: ROAD
2019-06-03 10:28:08 INFO  Car - Speed:   1.0; Angle:   EAST; Position: 10,22; Parcels:      3; Health: 310.0; Health Usage: 355.0; Fuel: 100.0; Tile: TRAP(lava)
2019-06-03 10:28:09 INFO  Car - Speed:   1.0; Angle:   EAST; Position: 11,22; Parcels:      3; Health: 315.0; Health Usage: 360.0; Fuel:  99.0; Tile: ROAD
2019-06-03 10:28:09 INFO  Car - Speed:   1.0; Angle:   EAST; Position: 12,22; Parcels:      3; Health: 310.0; Health Usage: 360.0; Fuel:  98.0; Tile: TRAP(lava)
2019-06-03 10:28:09 INFO  Car - Speed:   1.0; Angle:   EAST; Position: 13,22; Parcels:      3; Health: 305.0; Health Usage: 360.0; Fuel:  97.0; Tile: TRAP(lava)
2019-06-03 10:28:09 INFO  Car - Speed:   1.0; Angle:   EAST; Position: 14,22; Parcels:      3; Health: 310.0; Health Usage: 365.0; Fuel:  96.0; Tile: ROAD
2019-06-03 10:28:10 INFO  Car - Speed:   1.0; Angle:   EAST; Position: 15,22; Parcels:      3; Health: 305.0; Health Usage: 365.0; Fuel:  95.0; Tile: TRAP(lava)
2019-06-03 10:28:10 INFO  Car - Speed:   1.0; Angle:   EAST; Position: 16,22; Parcels:      3; Health: 300.0; Health Usage: 365.0; Fuel:  94.0; Tile: TRAP(lava)
2019-06-03 10:28:10 INFO  Car - Speed:   1.0; Angle:  SOUTH; Position: 16,21; Parcels:      3; Health: 295.0; Health Usage: 365.0; Fuel:  93.0; Tile: TRAP(lava)
2019-06-03 10:28:10 INFO  Car - Speed:   1.0; Angle:   EAST; Position: 17,21; Parcels:      3; Health: 295.0; Health Usage: 365.0; Fuel:  92.0; Tile: ROAD
2019-06-03 10:28:11 INFO  Car - Speed:   1.0; Angle:   EAST; Position: 18,21; Parcels:      3; Health: 295.0; Health Usage: 365.0; Fuel:  91.0; Tile: ROAD
2019-06-03 10:28:11 INFO  Car - Speed:   1.0; Angle:   EAST; Position: 19,21; Parcels:      3; Health: 295.0; Health Usage: 365.0; Fuel:  90.0; Tile: ROAD
2019-06-03 10:28:11 INFO  Car - Speed:   1.0; Angle:   EAST; Position: 20,21; Parcels:      3; Health: 295.0; Health Usage: 365.0; Fuel:  89.0; Tile: ROAD
2019-06-03 10:28:11 INFO  Car - Speed:   1.0; Angle:   EAST; Position: 21,21; Parcels:      3; Health: 295.0; Health Usage: 365.0; Fuel:  88.0; Tile: ROAD
2019-06-03 10:28:12 INFO  Car - Speed:   1.0; Angle:   EAST; Position: 22,21; Parcels:      3; Health: 295.0; Health Usage: 365.0; Fuel:  87.0; Tile: ROAD
2019-06-03 10:28:12 INFO  Car - Speed:   1.0; Angle:  SOUTH; Position: 22,20; Parcels:      3; Health: 295.0; Health Usage: 365.0; Fuel:  86.0; Tile: ROAD
2019-06-03 10:28:12 INFO  Car - Speed:   1.0; Angle:   EAST; Position: 23,20; Parcels:      3; Health: 290.0; Health Usage: 365.0; Fuel:  85.0; Tile: TRAP(lava)
2019-06-03 10:28:12 INFO  Car - Speed:   1.0; Angle:   EAST; Position: 24,20; Parcels:      3; Health: 285.0; Health Usage: 365.0; Fuel:  84.0; Tile: TRAP(lava)
2019-06-03 10:28:13 INFO  Car - Speed:   1.0; Angle:   EAST; Position: 25,20; Parcels:      3; Health: 280.0; Health Usage: 365.0; Fuel:  83.0; Tile: TRAP(lava)
2019-06-03 10:28:13 INFO  Car - Speed:   1.0; Angle:   EAST; Position: 26,20; Parcels:      3; Health: 280.0; Health Usage: 365.0; Fuel:  82.0; Tile: ROAD
2019-06-03 10:28:13 INFO  Car - Speed:   1.0; Angle:   EAST; Position: 27,20; Parcels:      3; Health: 280.0; Health Usage: 365.0; Fuel:  81.0; Tile: ROAD
2019-06-03 10:28:13 INFO  Car - Speed:   1.0; Angle:   EAST; Position: 28,20; Parcels:      3; Health: 280.0; Health Usage: 365.0; Fuel:  80.0; Tile: ROAD
2019-06-03 10:28:14 INFO  Car - Speed:   1.0; Angle:   EAST; Position: 29,20; Parcels:      3; Health: 280.0; Health Usage: 365.0; Fuel:  79.0; Tile: ROAD
2019-06-03 10:28:14 INFO  Car - Speed:   1.0; Angle:  SOUTH; Position: 29,19; Parcels:      3; Health: 280.0; Health Usage: 365.0; Fuel:  78.0; Tile: ROAD
2019-06-03 10:28:14 INFO  Car - Speed:   1.0; Angle:  SOUTH; Position: 29,18; Parcels:      3; Health: 280.0; Health Usage: 365.0; Fuel:  77.0; Tile: ROAD
2019-06-03 10:28:14 INFO  Car - Speed:   1.0; Angle:  SOUTH; Position: 29,17; Parcels:      3; Health: 280.0; Health Usage: 365.0; Fuel:  76.0; Tile: ROAD
2019-06-03 10:28:15 INFO  Car - Speed:   1.0; Angle:  SOUTH; Position: 29,16; Parcels:      3; Health: 280.0; Health Usage: 365.0; Fuel:  75.0; Tile: ROAD
2019-06-03 10:28:15 INFO  Car - Speed:   1.0; Angle:  SOUTH; Position: 29,15; Parcels:      3; Health: 280.0; Health Usage: 365.0; Fuel:  74.0; Tile: ROAD
2019-06-03 10:28:15 INFO  Car - Speed:   1.0; Angle:  SOUTH; Position: 29,14; Parcels:      3; Health: 280.0; Health Usage: 365.0; Fuel:  73.0; Tile: ROAD
2019-06-03 10:28:15 INFO  Car - Speed:   1.0; Angle:  SOUTH; Position: 29,13; Parcels:      3; Health: 280.0; Health Usage: 365.0; Fuel:  72.0; Tile: ROAD
2019-06-03 10:28:16 INFO  Car - Speed:   1.0; Angle:  SOUTH; Position: 29,12; Parcels:      3; Health: 280.0; Health Usage: 365.0; Fuel:  71.0; Tile: ROAD
2019-06-03 10:28:16 INFO  Car - Speed:   1.0; Angle:  SOUTH; Position: 29,11; Parcels:      3; Health: 280.0; Health Usage: 365.0; Fuel:  70.0; Tile: ROAD
2019-06-03 10:28:16 INFO  Car - Speed:   1.0; Angle:  SOUTH; Position: 29,10; Parcels:      3; Health: 280.0; Health Usage: 365.0; Fuel:  69.0; Tile: ROAD
2019-06-03 10:28:16 INFO  Car - Speed:   1.0; Angle:  SOUTH; Position:  29,9; Parcels:      3; Health: 280.0; Health Usage: 365.0; Fuel:  68.0; Tile: ROAD
2019-06-03 10:28:17 INFO  Car - Speed:   1.0; Angle:  SOUTH; Position:  29,8; Parcels:      3; Health: 280.0; Health Usage: 365.0; Fuel:  67.0; Tile: ROAD
2019-06-03 10:28:17 INFO  Car - Speed:   1.0; Angle:  SOUTH; Position:  29,7; Parcels:      3; Health: 280.0; Health Usage: 365.0; Fuel:  66.0; Tile: ROAD
2019-06-03 10:28:17 INFO  Car - Speed:   1.0; Angle:  SOUTH; Position:  29,6; Parcels:      3; Health: 280.0; Health Usage: 365.0; Fuel:  65.0; Tile: ROAD
2019-06-03 10:28:17 INFO  Car - Speed:   1.0; Angle:   EAST; Position:  30,6; Parcels:      3; Health: 280.0; Health Usage: 365.0; Fuel:  64.0; Tile: ROAD
2019-06-03 10:28:18 INFO  Car - Speed:   1.0; Angle:  SOUTH; Position:  30,5; Parcels:      3; Health: 280.0; Health Usage: 365.0; Fuel:  63.0; Tile: ROAD
2019-06-03 10:28:18 INFO  Car - Speed:   1.0; Angle:   EAST; Position:  31,5; Parcels:      3; Health: 280.0; Health Usage: 365.0; Fuel:  62.0; Tile: ROAD
2019-06-03 10:28:18 INFO  Car - Speed:   1.0; Angle:   EAST; Position:  32,5; Parcels:      3; Health: 280.0; Health Usage: 365.0; Fuel:  61.0; Tile: ROAD
2019-06-03 10:28:18 INFO  Car - Speed:   1.0; Angle:   EAST; Position:  33,5; Parcels:      3; Health: 280.0; Health Usage: 365.0; Fuel:  60.0; Tile: ROAD
2019-06-03 10:28:19 INFO  Car - Speed:   1.0; Angle:  SOUTH; Position:  33,4; Parcels:      3; Health: 280.0; Health Usage: 365.0; Fuel:  59.0; Tile: ROAD
2019-06-03 10:28:19 INFO  Car - Speed:   1.0; Angle:  SOUTH; Position:  33,3; Parcels:      3; Health: 280.0; Health Usage: 365.0; Fuel:  58.0; Tile: ROAD
2019-06-03 10:28:19 INFO  Car - Speed:   1.0; Angle:  SOUTH; Position:  33,2; Parcels:      3; Health: 280.0; Health Usage: 365.0; Fuel:  57.0; Tile: ROAD
2019-06-03 10:28:19 INFO  Car - Speed:   1.0; Angle:  SOUTH; Position:  33,1; Parcels:      3; Health: 280.0; Health Usage: 365.0; Fuel:  56.0; Tile: FINISH
